/home/henray/RoMaze_ws/src/fp_robot/install/fp_robot/lib/python3.10/site-packages/fp_robot/main.py
/home/henray/RoMaze_ws/src/fp_robot/install/fp_robot/lib/python3.10/site-packages/fp_robot/kinematic.py
/home/henray/RoMaze_ws/src/fp_robot/install/fp_robot/lib/python3.10/site-packages/fp_robot/direction_pub.py
/home/henray/RoMaze_ws/src/fp_robot/install/fp_robot/lib/python3.10/site-packages/fp_robot/__init__.py
/home/henray/RoMaze_ws/src/fp_robot/install/fp_robot/lib/python3.10/site-packages/fp_robot/udp_node.py
/home/henray/RoMaze_ws/src/fp_robot/install/fp_robot/lib/python3.10/site-packages/fp_robot/__pycache__/main.cpython-310.pyc
/home/henray/RoMaze_ws/src/fp_robot/install/fp_robot/lib/python3.10/site-packages/fp_robot/__pycache__/kinematic.cpython-310.pyc
/home/henray/RoMaze_ws/src/fp_robot/install/fp_robot/lib/python3.10/site-packages/fp_robot/__pycache__/direction_pub.cpython-310.pyc
/home/henray/RoMaze_ws/src/fp_robot/install/fp_robot/lib/python3.10/site-packages/fp_robot/__pycache__/__init__.cpython-310.pyc
/home/henray/RoMaze_ws/src/fp_robot/install/fp_robot/lib/python3.10/site-packages/fp_robot/__pycache__/udp_node.cpython-310.pyc
/home/henray/RoMaze_ws/src/fp_robot/install/fp_robot/share/ament_index/resource_index/packages/fp_robot
/home/henray/RoMaze_ws/src/fp_robot/install/fp_robot/share/fp_robot/package.xml
/home/henray/RoMaze_ws/src/fp_robot/install/fp_robot/lib/python3.10/site-packages/fp_robot-0.0.0-py3.10.egg-info/requires.txt
/home/henray/RoMaze_ws/src/fp_robot/install/fp_robot/lib/python3.10/site-packages/fp_robot-0.0.0-py3.10.egg-info/top_level.txt
/home/henray/RoMaze_ws/src/fp_robot/install/fp_robot/lib/python3.10/site-packages/fp_robot-0.0.0-py3.10.egg-info/dependency_links.txt
/home/henray/RoMaze_ws/src/fp_robot/install/fp_robot/lib/python3.10/site-packages/fp_robot-0.0.0-py3.10.egg-info/zip-safe
/home/henray/RoMaze_ws/src/fp_robot/install/fp_robot/lib/python3.10/site-packages/fp_robot-0.0.0-py3.10.egg-info/entry_points.txt
/home/henray/RoMaze_ws/src/fp_robot/install/fp_robot/lib/python3.10/site-packages/fp_robot-0.0.0-py3.10.egg-info/PKG-INFO
/home/henray/RoMaze_ws/src/fp_robot/install/fp_robot/lib/python3.10/site-packages/fp_robot-0.0.0-py3.10.egg-info/SOURCES.txt
/home/henray/RoMaze_ws/src/fp_robot/install/fp_robot/lib/fp_robot/direction_pub
/home/henray/RoMaze_ws/src/fp_robot/install/fp_robot/lib/fp_robot/udp_node
